This is pdfTeX, Version 3.1415926-2.5-1.40.14 (TeX Live 2013/Debian) (format=pdflatex 2017.5.5)  5 JUL 2017 03:35
entering extended mode
 \write18 enabled.
 %&-line parsing enabled.
**thesis.tex
(./thesis.tex
LaTeX2e <2011/06/27>
Babel <3.9h> and hyphenation patterns for 78 languages loaded.
(/usr/share/texlive/texmf-dist/tex/latex/base/report.cls
Document Class: report 2007/10/19 v1.4h Standard LaTeX document class
(/usr/share/texlive/texmf-dist/tex/latex/base/size11.clo
File: size11.clo 2007/10/19 v1.4h Standard LaTeX file (size option)
)
\c@part=\count79
\c@chapter=\count80
\c@section=\count81
\c@subsection=\count82
\c@subsubsection=\count83
\c@paragraph=\count84
\c@subparagraph=\count85
\c@figure=\count86
\c@table=\count87
\abovecaptionskip=\skip41
\belowcaptionskip=\skip42
\bibindent=\dimen102
)
(/usr/share/texlive/texmf-dist/tex/latex/amsmath/amsmath.sty
Package: amsmath 2013/01/14 v2.14 AMS math features
\@mathmargin=\skip43

For additional information on amsmath, use the `?' option.
(/usr/share/texlive/texmf-dist/tex/latex/amsmath/amstext.sty
Package: amstext 2000/06/29 v2.01

(/usr/share/texlive/texmf-dist/tex/latex/amsmath/amsgen.sty
File: amsgen.sty 1999/11/30 v2.0
\@emptytoks=\toks14
\ex@=\dimen103
))
(/usr/share/texlive/texmf-dist/tex/latex/amsmath/amsbsy.sty
Package: amsbsy 1999/11/29 v1.2d
\pmbraise@=\dimen104
)
(/usr/share/texlive/texmf-dist/tex/latex/amsmath/amsopn.sty
Package: amsopn 1999/12/14 v2.01 operator names
)
\inf@bad=\count88
LaTeX Info: Redefining \frac on input line 210.
\uproot@=\count89
\leftroot@=\count90
LaTeX Info: Redefining \overline on input line 306.
\classnum@=\count91
\DOTSCASE@=\count92
LaTeX Info: Redefining \ldots on input line 378.
LaTeX Info: Redefining \dots on input line 381.
LaTeX Info: Redefining \cdots on input line 466.
\Mathstrutbox@=\box26
\strutbox@=\box27
\big@size=\dimen105
LaTeX Font Info:    Redeclaring font encoding OML on input line 566.
LaTeX Font Info:    Redeclaring font encoding OMS on input line 567.
\macc@depth=\count93
\c@MaxMatrixCols=\count94
\dotsspace@=\muskip10
\c@parentequation=\count95
\dspbrk@lvl=\count96
\tag@help=\toks15
\row@=\count97
\column@=\count98
\maxfields@=\count99
\andhelp@=\toks16
\eqnshift@=\dimen106
\alignsep@=\dimen107
\tagshift@=\dimen108
\tagwidth@=\dimen109
\totwidth@=\dimen110
\lineht@=\dimen111
\@envbody=\toks17
\multlinegap=\skip44
\multlinetaggap=\skip45
\mathdisplay@stack=\toks18
LaTeX Info: Redefining \[ on input line 2665.
LaTeX Info: Redefining \] on input line 2666.
)
(/usr/share/texlive/texmf-dist/tex/latex/amsfonts/amssymb.sty
Package: amssymb 2013/01/14 v3.01 AMS font symbols

(/usr/share/texlive/texmf-dist/tex/latex/amsfonts/amsfonts.sty
Package: amsfonts 2013/01/14 v3.01 Basic AMSFonts support
\symAMSa=\mathgroup4
\symAMSb=\mathgroup5
LaTeX Font Info:    Overwriting math alphabet `\mathfrak' in version `bold'
(Font)                  U/euf/m/n --> U/euf/b/n on input line 106.
))
(/usr/share/texlive/texmf-dist/tex/latex/makecell/makecell.sty
Package: makecell 2009/08/03 V0.1e Managing of Tab Column Heads and Cells

(/usr/share/texlive/texmf-dist/tex/latex/tools/array.sty
Package: array 2008/09/09 v2.4c Tabular extension package (FMi)
\col@sep=\dimen112
\extrarowheight=\dimen113
\NC@list=\toks19
\extratabsurround=\skip46
\backup@length=\skip47
)
\rotheadsize=\dimen114
\c@nlinenum=\count100
\TeXr@lab=\toks20
)
(/usr/share/texlive/texmf-dist/tex/latex/enumitem/enumitem.sty
Package: enumitem 2011/09/28 v3.5.2 Customized lists
\enitkv@toks@=\toks21
\labelindent=\skip48
\enit@outerparindent=\dimen115
\enit@toks=\toks22
\enit@inbox=\box28
\enitdp@description=\count101
)
(/usr/share/texlive/texmf-dist/tex/latex/textpos/textpos.sty
Package: textpos 2014/01/03 v1.7j

Package: textpos 2014/01/03 1.7j, absolute positioning of text on the page
(/usr/share/texlive/texmf-dist/tex/latex/ms/everyshi.sty
Package: everyshi 2001/05/15 v3.00 EveryShipout Package (MS)
)
\TP@textbox=\box29
\TP@holdbox=\box30
\TPHorizModule=\dimen116
\TPVertModule=\dimen117
\TP@margin=\dimen118
\TP@absmargin=\dimen119

Grid set 16 x 16 = 37.34424pt x 52.81541pt
\TPboxrulesize=\dimen120
\TP@ox=\dimen121
\TP@oy=\dimen122
\TP@tbargs=\toks23
\TP@prevdepth=\dimen123
TextBlockOrigin set to 0pt x 0pt
) (/usr/share/texlive/texmf-dist/tex/generic/babel/babel.sty
Package: babel 2013/12/03 3.9h The Babel package

(/usr/share/texlive/texmf-dist/tex/generic/babel-english/english.ldf
Language: english 2012/08/20 v3.3p English support from the babel system

(/usr/share/texlive/texmf-dist/tex/generic/babel/babel.def
File: babel.def 2013/12/03 3.9h Babel common definitions
\babel@savecnt=\count102
\U@D=\dimen124
)
\l@canadian = a dialect from \language\l@american 
\l@australian = a dialect from \language\l@british 
\l@newzealand = a dialect from \language\l@british 
))
(/usr/share/texlive/texmf-dist/tex/latex/graphics/graphicx.sty
Package: graphicx 1999/02/16 v1.0f Enhanced LaTeX Graphics (DPC,SPQR)

(/usr/share/texlive/texmf-dist/tex/latex/graphics/keyval.sty
Package: keyval 1999/03/16 v1.13 key=value parser (DPC)
\KV@toks@=\toks24
)
(/usr/share/texlive/texmf-dist/tex/latex/graphics/graphics.sty
Package: graphics 2009/02/05 v1.0o Standard LaTeX Graphics (DPC,SPQR)

(/usr/share/texlive/texmf-dist/tex/latex/graphics/trig.sty
Package: trig 1999/03/16 v1.09 sin cos tan (DPC)
)
(/usr/share/texlive/texmf-dist/tex/latex/latexconfig/graphics.cfg
File: graphics.cfg 2010/04/23 v1.9 graphics configuration of TeX Live
)
Package graphics Info: Driver file: pdftex.def on input line 91.

(/usr/share/texlive/texmf-dist/tex/latex/pdftex-def/pdftex.def
File: pdftex.def 2011/05/27 v0.06d Graphics/color for pdfTeX

(/usr/share/texlive/texmf-dist/tex/generic/oberdiek/infwarerr.sty
Package: infwarerr 2010/04/08 v1.3 Providing info/warning/error messages (HO)
)
(/usr/share/texlive/texmf-dist/tex/generic/oberdiek/ltxcmds.sty
Package: ltxcmds 2011/11/09 v1.22 LaTeX kernel commands for general use (HO)
)
\Gread@gobject=\count103
))
\Gin@req@height=\dimen125
\Gin@req@width=\dimen126
)
(/usr/share/texlive/texmf-dist/tex/latex/oberdiek/epstopdf.sty
Package: epstopdf 2010/02/09 v2.5 Conversion with epstopdf on the fly (HO)

(/usr/share/texlive/texmf-dist/tex/latex/oberdiek/epstopdf-base.sty
Package: epstopdf-base 2010/02/09 v2.5 Base part for package epstopdf

(/usr/share/texlive/texmf-dist/tex/latex/oberdiek/grfext.sty
Package: grfext 2010/08/19 v1.1 Manage graphics extensions (HO)

(/usr/share/texlive/texmf-dist/tex/generic/oberdiek/kvdefinekeys.sty
Package: kvdefinekeys 2011/04/07 v1.3 Define keys (HO)
))
(/usr/share/texlive/texmf-dist/tex/latex/oberdiek/kvoptions.sty
Package: kvoptions 2011/06/30 v3.11 Key value format for package options (HO)

(/usr/share/texlive/texmf-dist/tex/generic/oberdiek/kvsetkeys.sty
Package: kvsetkeys 2012/04/25 v1.16 Key value parser (HO)

(/usr/share/texlive/texmf-dist/tex/generic/oberdiek/etexcmds.sty
Package: etexcmds 2011/02/16 v1.5 Avoid name clashes with e-TeX commands (HO)

(/usr/share/texlive/texmf-dist/tex/generic/oberdiek/ifluatex.sty
Package: ifluatex 2010/03/01 v1.3 Provides the ifluatex switch (HO)
Package ifluatex Info: LuaTeX not detected.
)
Package etexcmds Info: Could not find \expanded.
(etexcmds)             That can mean that you are not using pdfTeX 1.50 or
(etexcmds)             that some package has redefined \expanded.
(etexcmds)             In the latter case, load this package earlier.
)))
(/usr/share/texlive/texmf-dist/tex/generic/oberdiek/pdftexcmds.sty
Package: pdftexcmds 2011/11/29 v0.20 Utility functions of pdfTeX for LuaTeX (HO
)

(/usr/share/texlive/texmf-dist/tex/generic/oberdiek/ifpdf.sty
Package: ifpdf 2011/01/30 v2.3 Provides the ifpdf switch (HO)
Package ifpdf Info: pdfTeX in PDF mode is detected.
)
Package pdftexcmds Info: LuaTeX not detected.
Package pdftexcmds Info: \pdf@primitive is available.
Package pdftexcmds Info: \pdf@ifprimitive is available.
Package pdftexcmds Info: \pdfdraftmode found.
)
Package grfext Info: Graphics extension search list:
(grfext)             [.png,.pdf,.jpg,.mps,.jpeg,.jbig2,.jb2,.PNG,.PDF,.JPG,.JPE
G,.JBIG2,.JB2,.eps]
(grfext)             \AppendGraphicsExtensions on input line 452.

(/usr/share/texlive/texmf-dist/tex/latex/latexconfig/epstopdf-sys.cfg
File: epstopdf-sys.cfg 2010/07/13 v1.3 Configuration of (r)epstopdf for TeX Liv
e
)))
(/usr/share/texlive/texmf-dist/tex/latex/rotating/rotating.sty
Package: rotating 2009/03/28 v2.16a rotated objects in LaTeX

(/usr/share/texlive/texmf-dist/tex/latex/base/ifthen.sty
Package: ifthen 2001/05/26 v1.1c Standard LaTeX ifthen package (DPC)
)
\c@r@tfl@t=\count104
\rotFPtop=\skip49
\rotFPbot=\skip50
\rot@float@box=\box31
\rot@mess@toks=\toks25
)
(/usr/share/texlive/texmf-dist/tex/latex/caption/subcaption.sty
Package: subcaption 2013/02/03 v1.1-62 Sub-captions (AR)

(/usr/share/texlive/texmf-dist/tex/latex/caption/caption.sty
Package: caption 2013/05/02 v3.3-89 Customizing captions (AR)

(/usr/share/texlive/texmf-dist/tex/latex/caption/caption3.sty
Package: caption3 2013/05/02 v1.6-88 caption3 kernel (AR)
Package caption3 Info: TeX engine: e-TeX on input line 57.
\captionmargin=\dimen127
\captionmargin@=\dimen128
\captionwidth=\dimen129
\caption@tempdima=\dimen130
\caption@indent=\dimen131
\caption@parindent=\dimen132
\caption@hangindent=\dimen133
)
\c@ContinuedFloat=\count105
Package caption Info: rotating package is loaded.
)
\c@subfigure=\count106
\c@subtable=\count107
)
(/usr/share/texlive/texmf-dist/tex/latex/psnfss/helvet.sty
Package: helvet 2005/04/12 PSNFSS-v9.2a (WaS) 
)
(/usr/share/texlive/texmf-dist/tex/latex/url/url.sty
\Urlmuskip=\muskip11
Package: url 2013/09/16  ver 3.4  Verb mode for urls, etc.
)
(/usr/share/texlive/texmf-dist/tex/latex/hyperref/hyperref.sty
Package: hyperref 2012/11/06 v6.83m Hypertext links for LaTeX

(/usr/share/texlive/texmf-dist/tex/generic/oberdiek/hobsub-hyperref.sty
Package: hobsub-hyperref 2012/05/28 v1.13 Bundle oberdiek, subset hyperref (HO)


(/usr/share/texlive/texmf-dist/tex/generic/oberdiek/hobsub-generic.sty
Package: hobsub-generic 2012/05/28 v1.13 Bundle oberdiek, subset generic (HO)
Package: hobsub 2012/05/28 v1.13 Construct package bundles (HO)
Package hobsub Info: Skipping package `infwarerr' (already loaded).
Package hobsub Info: Skipping package `ltxcmds' (already loaded).
Package hobsub Info: Skipping package `ifluatex' (already loaded).
Package: ifvtex 2010/03/01 v1.5 Detect VTeX and its facilities (HO)
Package ifvtex Info: VTeX not detected.
Package: intcalc 2007/09/27 v1.1 Expandable calculations with integers (HO)
Package hobsub Info: Skipping package `ifpdf' (already loaded).
Package hobsub Info: Skipping package `etexcmds' (already loaded).
Package hobsub Info: Skipping package `kvsetkeys' (already loaded).
Package hobsub Info: Skipping package `kvdefinekeys' (already loaded).
Package hobsub Info: Skipping package `pdftexcmds' (already loaded).
Package: pdfescape 2011/11/25 v1.13 Implements pdfTeX's escape features (HO)
Package: bigintcalc 2012/04/08 v1.3 Expandable calculations on big integers (HO
)
Package: bitset 2011/01/30 v1.1 Handle bit-vector datatype (HO)
Package: uniquecounter 2011/01/30 v1.2 Provide unlimited unique counter (HO)
)
Package hobsub Info: Skipping package `hobsub' (already loaded).
Package: letltxmacro 2010/09/02 v1.4 Let assignment for LaTeX macros (HO)
Package: hopatch 2012/05/28 v1.2 Wrapper for package hooks (HO)
Package: xcolor-patch 2011/01/30 xcolor patch
Package: atveryend 2011/06/30 v1.8 Hooks at the very end of document (HO)
Package atveryend Info: \enddocument detected (standard20110627).
Package: atbegshi 2011/10/05 v1.16 At begin shipout hook (HO)
Package: refcount 2011/10/16 v3.4 Data extraction from label references (HO)
Package: hycolor 2011/01/30 v1.7 Color options for hyperref/bookmark (HO)
)
(/usr/share/texlive/texmf-dist/tex/generic/ifxetex/ifxetex.sty
Package: ifxetex 2010/09/12 v0.6 Provides ifxetex conditional
)
(/usr/share/texlive/texmf-dist/tex/latex/oberdiek/auxhook.sty
Package: auxhook 2011/03/04 v1.3 Hooks for auxiliary files (HO)
)
\@linkdim=\dimen134
\Hy@linkcounter=\count108
\Hy@pagecounter=\count109

(/usr/share/texlive/texmf-dist/tex/latex/hyperref/pd1enc.def
File: pd1enc.def 2012/11/06 v6.83m Hyperref: PDFDocEncoding definition (HO)
)
\Hy@SavedSpaceFactor=\count110

(/usr/share/texlive/texmf-dist/tex/latex/latexconfig/hyperref.cfg
File: hyperref.cfg 2002/06/06 v1.2 hyperref configuration of TeXLive
)
Package hyperref Info: Option `plainpages' set `false' on input line 4319.
Package hyperref Info: Hyper figures OFF on input line 4443.
Package hyperref Info: Link nesting OFF on input line 4448.
Package hyperref Info: Hyper index ON on input line 4451.
Package hyperref Info: Plain pages OFF on input line 4458.
Package hyperref Info: Backreferencing OFF on input line 4463.
Package hyperref Info: Implicit mode ON; LaTeX internals redefined.
Package hyperref Info: Bookmarks ON on input line 4688.
\c@Hy@tempcnt=\count111
LaTeX Info: Redefining \url on input line 5041.
\XeTeXLinkMargin=\dimen135
\Fld@menulength=\count112
\Field@Width=\dimen136
\Fld@charsize=\dimen137
Package hyperref Info: Hyper figures OFF on input line 6295.
Package hyperref Info: Link nesting OFF on input line 6300.
Package hyperref Info: Hyper index ON on input line 6303.
Package hyperref Info: backreferencing OFF on input line 6310.
Package hyperref Info: Link coloring OFF on input line 6315.
Package hyperref Info: Link coloring with OCG OFF on input line 6320.
Package hyperref Info: PDF/A mode OFF on input line 6325.
LaTeX Info: Redefining \ref on input line 6365.
LaTeX Info: Redefining \pageref on input line 6369.
\Hy@abspage=\count113
\c@Item=\count114
\c@Hfootnote=\count115
)

Package hyperref Message: Driver (autodetected): hpdftex.

(/usr/share/texlive/texmf-dist/tex/latex/hyperref/hpdftex.def
File: hpdftex.def 2012/11/06 v6.83m Hyperref driver for pdfTeX
\Fld@listcount=\count116
\c@bookmark@seq@number=\count117

(/usr/share/texlive/texmf-dist/tex/latex/oberdiek/rerunfilecheck.sty
Package: rerunfilecheck 2011/04/15 v1.7 Rerun checks for auxiliary files (HO)
Package uniquecounter Info: New unique counter `rerunfilecheck' on input line 2
82.
)
\Hy@SectionHShift=\skip51
)
(./work/thesis.aux (./work/frontcover.aux) (./work/titlepage.aux)
(./work/graduationdata.aux) (./work/preface.aux) (./work/introduction.aux)
(./work/chapter_2.aux) (./work/chapter_3.aux) (./work/chapter_4.aux)
(./work/chapter_5.aux

LaTeX Warning: Label `chp:CHAPTERTITLE' multiply defined.


LaTeX Warning: Label `sec:SECTIONTITLE' multiply defined.


LaTeX Warning: Label `tab:EXAMPLETABLE' multiply defined.


LaTeX Warning: Label `fig:EXAMPLEFIGURE' multiply defined.

) (./work/conclusionsandfuturework.aux))
\openout1 = `thesis.aux'.

LaTeX Font Info:    Checking defaults for OML/cmm/m/it on input line 59.
LaTeX Font Info:    ... okay on input line 59.
LaTeX Font Info:    Checking defaults for T1/cmr/m/n on input line 59.
LaTeX Font Info:    ... okay on input line 59.
LaTeX Font Info:    Checking defaults for OT1/cmr/m/n on input line 59.
LaTeX Font Info:    ... okay on input line 59.
LaTeX Font Info:    Checking defaults for OMS/cmsy/m/n on input line 59.
LaTeX Font Info:    ... okay on input line 59.
LaTeX Font Info:    Checking defaults for OMX/cmex/m/n on input line 59.
LaTeX Font Info:    ... okay on input line 59.
LaTeX Font Info:    Checking defaults for U/cmr/m/n on input line 59.
LaTeX Font Info:    ... okay on input line 59.
LaTeX Font Info:    Checking defaults for PD1/pdf/m/n on input line 59.
LaTeX Font Info:    ... okay on input line 59.
 ABD: EveryShipout initializing macros
(/usr/share/texlive/texmf-dist/tex/context/base/supp-pdf.mkii
[Loading MPS to PDF converter (version 2006.09.02).]
\scratchcounter=\count118
\scratchdimen=\dimen138
\scratchbox=\box32
\nofMPsegments=\count119
\nofMParguments=\count120
\everyMPshowfont=\toks26
\MPscratchCnt=\count121
\MPscratchDim=\dimen139
\MPnumerator=\count122
\makeMPintoPDFobject=\count123
\everyMPtoPDFconversion=\toks27
)
Package caption Info: Begin \AtBeginDocument code.
Package caption Info: hyperref package is loaded.
Package caption Info: End \AtBeginDocument code.
\AtBeginShipoutBox=\box33
Package hyperref Info: Link coloring OFF on input line 59.
 (/usr/share/texlive/texmf-dist/tex/latex/hyperref/nameref.sty
Package: nameref 2012/10/27 v2.43 Cross-referencing by name of section

(/usr/share/texlive/texmf-dist/tex/generic/oberdiek/gettitlestring.sty
Package: gettitlestring 2010/12/03 v1.4 Cleanup title references (HO)
)
\c@section@level=\count124
)
LaTeX Info: Redefining \ref on input line 59.
LaTeX Info: Redefining \pageref on input line 59.
LaTeX Info: Redefining \nameref on input line 59.

(./work/thesis.out) (./work/thesis.out)
\@outlinefile=\write3
\openout3 = `thesis.out'.

\openout2 = `frontcover.aux'.

 (./template/frontcover.tex
Package epstopdf Info: Source file: <pics/block.eps>
(epstopdf)                    date: 2009-03-17 07:24:40
(epstopdf)                    size: 3049 bytes
(epstopdf)             Output file: <pics/block-eps-converted-to.pdf>
(epstopdf)                    date: 2015-08-24 02:24:03
(epstopdf)                    size: 2646 bytes
(epstopdf)             Command: <epstopdf --outfile=pics/block-eps-converted-to
.pdf pics/block.eps>
(epstopdf)             \includegraphics on input line 7.
Package epstopdf Info: Output file is already uptodate.

<pics/block-eps-converted-to.pdf, id=80, 46.1725pt x 126.4725pt>
File: pics/block-eps-converted-to.pdf Graphic file (type pdf)

<use pics/block-eps-converted-to.pdf>
Package pdftex.def Info: pics/block-eps-converted-to.pdf used on input line 7.
(pdftex.def)             Requested size: 33.24063pt x 91.04872pt.
LaTeX Font Info:    Try loading font information for OT1+phv on input line 8.

(/usr/share/texlive/texmf-dist/tex/latex/psnfss/ot1phv.fd
File: ot1phv.fd 2001/06/04 scalable font definitions for OT1/phv.
)
LaTeX Font Info:    Font shape `OT1/phv/m/n' will be
(Font)              scaled to size 10.07397pt on input line 8.
LaTeX Font Info:    Font shape `OT1/phv/m/n' will be
(Font)              scaled to size 13.24796pt on input line 11.
LaTeX Font Info:    Font shape `OT1/phv/bx/n' in size <14.4> not available
(Font)              Font shape `OT1/phv/b/n' tried instead on input line 15.
LaTeX Font Info:    Font shape `OT1/phv/b/n' will be
(Font)              scaled to size 13.24796pt on input line 15.
LaTeX Font Info:    Font shape `OT1/phv/bx/n' in size <24.88> not available
(Font)              Font shape `OT1/phv/b/n' tried instead on input line 15.
LaTeX Font Info:    Font shape `OT1/phv/b/n' will be
(Font)              scaled to size 22.88956pt on input line 15.
LaTeX Font Info:    Try loading font information for U+msa on input line 15.

(/usr/share/texlive/texmf-dist/tex/latex/amsfonts/umsa.fd
File: umsa.fd 2013/01/14 v3.01 AMS symbols A
)
LaTeX Font Info:    Try loading font information for U+msb on input line 15.

(/usr/share/texlive/texmf-dist/tex/latex/amsfonts/umsb.fd
File: umsb.fd 2013/01/14 v3.01 AMS symbols B
)
Package epstopdf Info: Source file: <pics/es_logo_cyan_black_rgb.eps>
(epstopdf)                    date: 2009-03-17 04:23:58
(epstopdf)                    size: 428042 bytes
(epstopdf)             Output file: <pics/es_logo_cyan_black_rgb-eps-converted-
to.pdf>
(epstopdf)                    date: 2015-08-24 02:24:04
(epstopdf)                    size: 24886 bytes
(epstopdf)             Command: <epstopdf --outfile=pics/es_logo_cyan_black_rgb
-eps-converted-to.pdf pics/es_logo_cyan_black_rgb.eps>
(epstopdf)             \includegraphics on input line 28.
Package epstopdf Info: Output file is already uptodate.

<pics/es_logo_cyan_black_rgb-eps-converted-to.pdf, id=81, 412.54124pt x 104.39p
t>
File: pics/es_logo_cyan_black_rgb-eps-converted-to.pdf Graphic file (type pdf)
 <use pics/es_logo_cyan_black_rgb-eps-converted-to.pdf>
Package pdftex.def Info: pics/es_logo_cyan_black_rgb-eps-converted-to.pdf used 
on input line 28.
(pdftex.def)             Requested size: 142.26378pt x 35.99864pt.

Underfull \hbox (badness 10000) in paragraph at lines 27--30

 []

Package epstopdf Info: Source file: <pics/TU_border_A4_L_front.eps>
(epstopdf)                    date: 2009-03-17 05:31:58
(epstopdf)                    size: 240126 bytes
(epstopdf)             Output file: <pics/TU_border_A4_L_front-eps-converted-to
.pdf>
(epstopdf)                    date: 2015-08-24 02:24:04
(epstopdf)                    size: 13822 bytes
(epstopdf)             Command: <epstopdf --outfile=pics/TU_border_A4_L_front-e
ps-converted-to.pdf pics/TU_border_A4_L_front.eps>
(epstopdf)             \includegraphics on input line 33.
Package epstopdf Info: Output file is already uptodate.

<pics/TU_border_A4_L_front-eps-converted-to.pdf, id=82, 862.22125pt x 97.36375p
t>
File: pics/TU_border_A4_L_front-eps-converted-to.pdf Graphic file (type pdf)
 <use pics/TU_border_A4_L_front-eps-converted-to.pdf>
Package pdftex.def Info: pics/TU_border_A4_L_front-eps-converted-to.pdf used on
 input line 33.
(pdftex.def)             Requested size: 597.50787pt x 67.47371pt.
 [1{/var/lib/texmf/fonts/map/pdftex/updmap/pdftex.map}


 <./pics/block-eps-converted-to.pdf> <./pics/es_logo_cyan_black_rgb-eps-convert
ed-to.pdf> <./pics/TU_border_A4_L_front-eps-converted-to.pdf>]) [2


]
\openout2 = `titlepage.aux'.

 (./template/titlepage.tex [1

])
\openout2 = `graduationdata.aux'.


(./template/graduationdata.tex [2


] [3]) [4



]
\openout2 = `preface.aux'.

 (./chapters/preface.tex) [5


]
[6


] (./work/thesis.toc)
\tf@toc=\write4
\openout4 = `thesis.toc'.

 [7

] [8

]
\openout2 = `introduction.aux'.

 (./chapters/introduction.tex
Chapter 1.

Underfull \vbox (badness 2698) has occurred while \output is active []

 [1


]
LaTeX Font Info:    Try loading font information for OMS+cmr on input line 12.

(/usr/share/texlive/texmf-dist/tex/latex/base/omscmr.fd
File: omscmr.fd 1999/05/25 v2.5h Standard LaTeX font definitions
)
LaTeX Font Info:    Font shape `OMS/cmr/m/n' in size <10.95> not available
(Font)              Font shape `OMS/cmsy/m/n' tried instead on input line 12.

Overfull \hbox (3.05379pt too wide) in paragraph at lines 13--14
[]\OT1/cmr/m/n/10.95 What would be the min-imum pos-sible form-factor that woul
d be achiev-
 []

) [2]
\openout2 = `chapter_2.aux'.

 (./chapters/chapter_2.tex
Chapter 2.
<pics/CompPipeline.png, id=179, 701.62125pt x 181.67876pt>
File: pics/CompPipeline.png Graphic file (type png)

<use pics/CompPipeline.png>
Package pdftex.def Info: pics/CompPipeline.png used on input line 8.
(pdftex.def)             Requested size: 361.34999pt x 93.56975pt.

Overfull \hbox (1.34999pt too wide) in paragraph at lines 8--9
[][] 
 []

[3



 <./pics/CompPipeline.png>]
<pics/imaginggeo.PNG, id=193, 464.4853pt x 299.61937pt>
File: pics/imaginggeo.PNG Graphic file (type png)

<use pics/imaginggeo.PNG>
Package pdftex.def Info: pics/imaginggeo.PNG used on input line 17.
(pdftex.def)             Requested size: 361.34999pt x 233.09868pt.

Overfull \hbox (1.34999pt too wide) in paragraph at lines 17--18
[][] 
 []

[4 <./pics/imaginggeo.PNG>]
<pics/WhiskBroom.PNG, id=204, 359.84438pt x 314.67563pt>
File: pics/WhiskBroom.PNG Graphic file (type png)

<use pics/WhiskBroom.PNG>
Package pdftex.def Info: pics/WhiskBroom.PNG used on input line 44.
(pdftex.def)             Requested size: 135.50624pt x 118.49762pt.

<pics/PushBroom.PNG, id=205, 379.4175pt x 273.27094pt>
File: pics/PushBroom.PNG Graphic file (type png)

<use pics/PushBroom.PNG>
Package pdftex.def Info: pics/PushBroom.PNG used on input line 50.
(pdftex.def)             Requested size: 176.15645pt x 126.87785pt.
 [5] [6 <./pics/WhiskBroom.PNG> <./pics/PushBroom.PNG>] [7]
Overfull \hbox (3.4797pt too wide) in paragraph at lines 92--93
[]\OT1/cmr/m/n/10.95 Operating Tem-per-at-ure : Op-er-at-ing tem-per-at-ure is 
an im-port-ant factor
 []

[8]
Overfull \hbox (76.43483pt too wide) in paragraph at lines 118--155
[][] 
 []

) [9]
\openout2 = `chapter_3.aux'.

 (./chapters/chapter_3.tex [10



]
Chapter 3.

LaTeX Warning: Citation `b' on page 11 undefined on input line 27.


LaTeX Warning: Citation `a' on page 11 undefined on input line 28.

Package epstopdf Info: Source file: <pics/TUD_logo_zw.eps>
(epstopdf)                    date: 2005-06-03 04:18:46
(epstopdf)                    size: 252410 bytes
(epstopdf)             Output file: <pics/TUD_logo_zw-eps-converted-to.pdf>
(epstopdf)                    date: 2015-08-24 02:24:05
(epstopdf)                    size: 12778 bytes
(epstopdf)             Command: <epstopdf --outfile=pics/TUD_logo_zw-eps-conver
ted-to.pdf pics/TUD_logo_zw.eps>
(epstopdf)             \includegraphics on input line 32.
Package epstopdf Info: Output file is already uptodate.
<pics/TUD_logo_zw-eps-converted-to.pdf, id=275, 173.64874pt x 82.3075pt>
File: pics/TUD_logo_zw-eps-converted-to.pdf Graphic file (type pdf)

<use pics/TUD_logo_zw-eps-converted-to.pdf>
Package pdftex.def Info: pics/TUD_logo_zw-eps-converted-to.pdf used on input li
ne 32.
(pdftex.def)             Requested size: 173.64832pt x 82.30728pt.

Overfull \hbox (1.39813pt too wide) in paragraph at lines 32--33
[][] 
 []

) [11] [12 <./pics/TUD_logo_zw-eps-converted-to.pdf>]
\openout2 = `chapter_4.aux'.

 (./chapters/chapter_4.tex
Chapter 4.
<pics/arducam_architecture.PNG, id=292, 408.02437pt x 202.50656pt>
File: pics/arducam_architecture.PNG Graphic file (type png)

<use pics/arducam_architecture.PNG>
Package pdftex.def Info: pics/arducam_architecture.PNG used on input line 9.
(pdftex.def)             Requested size: 306.01753pt x 151.87953pt.

<pics/implementation_setup.png, id=294, 460.72125pt x 99.37125pt>
File: pics/implementation_setup.png Graphic file (type png)

<use pics/implementation_setup.png>
Package pdftex.def Info: pics/implementation_setup.png used on input line 17.
(pdftex.def)             Requested size: 345.54008pt x 74.52824pt.
 [13



] [14 <./pics/arducam_architecture.PNG> <./pics/implementation_setup.png>]
<pics/rolling_shutter.jpg, id=312, 691.83469pt x 356.83313pt>
File: pics/rolling_shutter.jpg Graphic file (type jpg)

<use pics/rolling_shutter.jpg>
Package pdftex.def Info: pics/rolling_shutter.jpg used on input line 31.
(pdftex.def)             Requested size: 361.34999pt x 186.37645pt.

Overfull \hbox (1.34999pt too wide) in paragraph at lines 31--32
[][] 
 []

<pics/OV2640timing.jpg, id=315, 716.6775pt x 276.28218pt>
File: pics/OV2640timing.jpg Graphic file (type jpg)

<use pics/OV2640timing.jpg>
Package pdftex.def Info: pics/OV2640timing.jpg used on input line 37.
(pdftex.def)             Requested size: 361.34999pt x 139.30428pt.

Overfull \hbox (1.34999pt too wide) in paragraph at lines 37--38
[][] 
 []

<pics/exposure/60us.jpg, id=318, 1606.0pt x 1204.5pt>
File: pics/exposure/60us.jpg Graphic file (type jpg)

<use pics/exposure/60us.jpg>
Package pdftex.def Info: pics/exposure/60us.jpg used on input line 46.
(pdftex.def)             Requested size: 90.3375pt x 67.7456pt.

<pics/exposure/1ms.jpg, id=319, 1606.0pt x 1204.5pt>
File: pics/exposure/1ms.jpg Graphic file (type jpg)

<use pics/exposure/1ms.jpg>
Package pdftex.def Info: pics/exposure/1ms.jpg used on input line 52.
(pdftex.def)             Requested size: 90.3375pt x 67.7456pt.

Overfull \hbox (1.34998pt too wide) in paragraph at lines 44--56
 []$[]$$[]$ 
 []

<pics/exposure/5ms.jpg, id=320, 1606.0pt x 1204.5pt>
File: pics/exposure/5ms.jpg Graphic file (type jpg)

<use pics/exposure/5ms.jpg>
Package pdftex.def Info: pics/exposure/5ms.jpg used on input line 59.
(pdftex.def)             Requested size: 90.3375pt x 67.7456pt.

<pics/exposure/10ms.jpg, id=321, 1606.0pt x 1204.5pt>
File: pics/exposure/10ms.jpg Graphic file (type jpg)

<use pics/exposure/10ms.jpg>
Package pdftex.def Info: pics/exposure/10ms.jpg used on input line 65.
(pdftex.def)             Requested size: 90.3375pt x 67.7456pt.

Overfull \hbox (1.34998pt too wide) in paragraph at lines 57--69
 []$[]$$[]$ 
 []

<pics/exposure/20ms.jpg, id=322, 1606.0pt x 1204.5pt>
File: pics/exposure/20ms.jpg Graphic file (type jpg)

<use pics/exposure/20ms.jpg>
Package pdftex.def Info: pics/exposure/20ms.jpg used on input line 72.
(pdftex.def)             Requested size: 90.3375pt x 67.7456pt.

<pics/exposure/60ms.jpg, id=323, 1606.0pt x 1204.5pt>
File: pics/exposure/60ms.jpg Graphic file (type jpg)

<use pics/exposure/60ms.jpg>
Package pdftex.def Info: pics/exposure/60ms.jpg used on input line 78.
(pdftex.def)             Requested size: 90.3375pt x 67.7456pt.

Overfull \hbox (1.34998pt too wide) in paragraph at lines 70--83
 []$[]$$[]$ 
 []

) [15 <./pics/rolling_shutter.jpg> <./pics/OV2640timing.jpg>] [16 <./pics/expos
ure/60us.jpg> <./pics/exposure/1ms.jpg> <./pics/exposure/5ms.jpg> <./pics/expos
ure/10ms.jpg> <./pics/exposure/20ms.jpg> <./pics/exposure/60ms.jpg>]
\openout2 = `chapter_5.aux'.


(./chapters/chapter_5.tex
Chapter 5.

LaTeX Warning: Citation `b' on page 17 undefined on input line 27.


LaTeX Warning: Citation `a' on page 17 undefined on input line 28.

Package epstopdf Info: Source file: <pics/TUD_logo_zw.eps>
(epstopdf)                    date: 2005-06-03 04:18:46
(epstopdf)                    size: 252410 bytes
(epstopdf)             Output file: <pics/TUD_logo_zw-eps-converted-to.pdf>
(epstopdf)                    date: 2015-08-24 02:24:05
(epstopdf)                    size: 12778 bytes
(epstopdf)             Command: <epstopdf --outfile=pics/TUD_logo_zw-eps-conver
ted-to.pdf pics/TUD_logo_zw.eps>
(epstopdf)             \includegraphics on input line 32.
Package epstopdf Info: Output file is already uptodate.
File: pics/TUD_logo_zw-eps-converted-to.pdf Graphic file (type pdf)
<use pics/TUD_logo_zw-eps-converted-to.pdf>
Package pdftex.def Info: pics/TUD_logo_zw-eps-converted-to.pdf used on input li
ne 32.
(pdftex.def)             Requested size: 173.64832pt x 82.30728pt.

Overfull \hbox (1.39813pt too wide) in paragraph at lines 32--33
[][] 
 []

) [17



] [18]
\openout2 = `conclusionsandfuturework.aux'.

 (./chapters/conclusionsandfuturework.tex
Chapter 6.
) [19



] (./work/thesis.bbl [20


]
Underfull \hbox (badness 10000) in paragraph at lines 10--13
[]\OT1/cmr/m/n/10 Manual ex-pos-ure for ov2640.  []$\OT1/cmtt/m/n/10 http : / /
 www . arducam . com /
 []

)
Package atveryend Info: Empty hook `BeforeClearDocument' on input line 132.
 [21]
Package atveryend Info: Empty hook `AfterLastShipout' on input line 132.
 (./work/thesis.aux (./work/frontcover.aux) (./work/titlepage.aux)
(./work/graduationdata.aux) (./work/preface.aux) (./work/introduction.aux)
(./work/chapter_2.aux) (./work/chapter_3.aux) (./work/chapter_4.aux)
(./work/chapter_5.aux) (./work/conclusionsandfuturework.aux))
Package atveryend Info: Executing hook `AtVeryEndDocument' on input line 132.
Package atveryend Info: Executing hook `AtEndAfterFileList' on input line 132.
Package rerunfilecheck Info: File `thesis.out' has not changed.
(rerunfilecheck)             Checksum: D41D8CD98F00B204E9800998ECF8427E;0.


LaTeX Warning: There were undefined references.


LaTeX Warning: There were multiply-defined labels.

Package atveryend Info: Empty hook `AtVeryVeryEnd' on input line 132.
 ) 
Here is how much of TeX's memory you used:
 8540 strings out of 493304
 128106 string characters out of 6139872
 228005 words of memory out of 5000000
 11652 multiletter control sequences out of 15000+600000
 21954 words of font info for 70 fonts, out of 8000000 for 9000
 957 hyphenation exceptions out of 8191
 42i,28n,42p,1993b,565s stack positions out of 5000i,500n,10000p,200000b,80000s
{/usr/share/texlive/texmf-dist/fonts/enc/dvips/base/8r.enc}</usr/share/texliv
e/texmf-dist/fonts/type1/public/amsfonts/cm/cmbx10.pfb></usr/share/texlive/texm
f-dist/fonts/type1/public/amsfonts/cm/cmbx12.pfb></usr/share/texlive/texmf-dist
/fonts/type1/public/amsfonts/cm/cmmi10.pfb></usr/share/texlive/texmf-dist/fonts
/type1/public/amsfonts/cm/cmmi8.pfb></usr/share/texlive/texmf-dist/fonts/type1/
public/amsfonts/cm/cmr10.pfb></usr/share/texlive/texmf-dist/fonts/type1/public/
amsfonts/cm/cmr12.pfb></usr/share/texlive/texmf-dist/fonts/type1/public/amsfont
s/cm/cmr17.pfb></usr/share/texlive/texmf-dist/fonts/type1/public/amsfonts/cm/cm
r8.pfb></usr/share/texlive/texmf-dist/fonts/type1/public/amsfonts/cm/cmr9.pfb><
/usr/share/texlive/texmf-dist/fonts/type1/public/amsfonts/cm/cmsy10.pfb></usr/s
hare/texlive/texmf-dist/fonts/type1/public/amsfonts/cm/cmti10.pfb></usr/share/t
exlive/texmf-dist/fonts/type1/public/amsfonts/cm/cmtt10.pfb></usr/share/texlive
/texmf-dist/fonts/type1/public/amsfonts/latxfont/line10.pfb></usr/share/texlive
/texmf-dist/fonts/type1/urw/helvetic/uhvb8a.pfb></usr/share/texlive/texmf-dist/
fonts/type1/urw/helvetic/uhvr8a.pfb>
Output written on ./work/thesis.pdf (31 pages, 1168273 bytes).
PDF statistics:
 443 PDF objects out of 1000 (max. 8388607)
 362 compressed objects within 4 object streams
 95 named destinations out of 1000 (max. 500000)
 243 words of extra memory for PDF output out of 10000 (max. 10000000)

